# JRE version: OpenJDK Runtime Environment (8.0_202-b03) (build 1.8.0_202-release-1483-b03)
# Java VM: OpenJDK 64-Bit Server VM (25.202-b03 mixed mode windows-amd64 compressed oops)
Heap:
 PSYoungGen      total 493056K, used 9903K [0x00000000e0000000, 0x0000000100000000, 0x0000000100000000)
  eden space 460800K, 0% used [0x00000000e0000000,0x00000000e0000000,0x00000000fc200000)
  from space 32256K, 30% used [0x00000000fe080000,0x00000000fea2bee8,0x0000000100000000)
  to   space 31232K, 0% used [0x00000000fc200000,0x00000000fc200000,0x00000000fe080000)
 ParOldGen       total 232448K, used 223159K [0x00000000a0000000, 0x00000000ae300000, 0x00000000e0000000)
  object space 232448K, 96% used [0x00000000a0000000,0x00000000ad9edff0,0x00000000ae300000)
 Metaspace       used 78796K, capacity 81668K, committed 83672K, reserved 1122304K
  class space    used 10213K, capacity 10824K, committed 11264K, reserved 1048576K
GC Heap History (10 events):
Event: 667.350 GC heap after
Heap after GC invocations=32 (full 4):
 PSYoungGen      total 487424K, used 18189K [0x00000000e0000000, 0x00000000ffd00000, 0x0000000100000000)
  eden space 455680K, 0% used [0x00000000e0000000,0x00000000e0000000,0x00000000fbd00000)
  from space 31744K, 57% used [0x00000000fde00000,0x00000000fefc3788,0x00000000ffd00000)
  to   space 32768K, 0% used [0x00000000fbd00000,0x00000000fbd00000,0x00000000fdd00000)
 ParOldGen       total 232448K, used 170029K [0x00000000a0000000, 0x00000000ae300000, 0x00000000e0000000)
  object space 232448K, 73% used [0x00000000a0000000,0x00000000aa60b6c8,0x00000000ae300000)
 Metaspace       used 78748K, capacity 81598K, committed 83672K, reserved 1122304K
  class space    used 10212K, capacity 10823K, committed 11264K, reserved 1048576K
}
Event: 668.966 GC heap before
{Heap before GC invocations=33 (full 4):
 PSYoungGen      total 487424K, used 473869K [0x00000000e0000000, 0x00000000ffd00000, 0x0000000100000000)
  eden space 455680K, 100% used [0x00000000e0000000,0x00000000fbd00000,0x00000000fbd00000)
  from space 31744K, 57% used [0x00000000fde00000,0x00000000fefc3788,0x00000000ffd00000)
  to   space 32768K, 0% used [0x00000000fbd00000,0x00000000fbd00000,0x00000000fdd00000)
 ParOldGen       total 232448K, used 170029K [0x00000000a0000000, 0x00000000ae300000, 0x00000000e0000000)
  object space 232448K, 73% used [0x00000000a0000000,0x00000000aa60b6c8,0x00000000ae300000)
 Metaspace       used 78754K, capacity 81604K, committed 83672K, reserved 1122304K
  class space    used 10213K, capacity 10824K, committed 11264K, reserved 1048576K
Event: 669.014 GC heap after
Heap after GC invocations=33 (full 4):
 PSYoungGen      total 488448K, used 7440K [0x00000000e0000000, 0x0000000100000000, 0x0000000100000000)
  eden space 455680K, 0% used [0x00000000e0000000,0x00000000e0000000,0x00000000fbd00000)
  from space 32768K, 22% used [0x00000000fbd00000,0x00000000fc444030,0x00000000fdd00000)
  to   space 32256K, 0% used [0x00000000fe080000,0x00000000fe080000,0x0000000100000000)
 ParOldGen       total 232448K, used 186482K [0x00000000a0000000, 0x00000000ae300000, 0x00000000e0000000)
  object space 232448K, 80% used [0x00000000a0000000,0x00000000ab61c990,0x00000000ae300000)
 Metaspace       used 78754K, capacity 81604K, committed 83672K, reserved 1122304K
  class space    used 10213K, capacity 10824K, committed 11264K, reserved 1048576K
}
Event: 670.086 GC heap before
{Heap before GC invocations=34 (full 4):
 PSYoungGen      total 488448K, used 463120K [0x00000000e0000000, 0x0000000100000000, 0x0000000100000000)
  eden space 455680K, 100% used [0x00000000e0000000,0x00000000fbd00000,0x00000000fbd00000)
  from space 32768K, 22% used [0x00000000fbd00000,0x00000000fc444030,0x00000000fdd00000)
  to   space 32256K, 0% used [0x00000000fe080000,0x00000000fe080000,0x0000000100000000)
 ParOldGen       total 232448K, used 186482K [0x00000000a0000000, 0x00000000ae300000, 0x00000000e0000000)
  object space 232448K, 80% used [0x00000000a0000000,0x00000000ab61c990,0x00000000ae300000)
 Metaspace       used 78762K, capacity 81604K, committed 83672K, reserved 1122304K
  class space    used 10213K, capacity 10824K, committed 11264K, reserved 1048576K
Event: 670.115 GC heap after
Heap after GC invocations=34 (full 4):
 PSYoungGen      total 486912K, used 12223K [0x00000000e0000000, 0x00000000ffb80000, 0x0000000100000000)
  eden space 459264K, 0% used [0x00000000e0000000,0x00000000e0000000,0x00000000fc080000)
  from space 27648K, 44% used [0x00000000fe080000,0x00000000fec6fc10,0x00000000ffb80000)
  to   space 30208K, 0% used [0x00000000fc080000,0x00000000fc080000,0x00000000fde00000)
 ParOldGen       total 232448K, used 193082K [0x00000000a0000000, 0x00000000ae300000, 0x00000000e0000000)
  object space 232448K, 83% used [0x00000000a0000000,0x00000000abc8ea10,0x00000000ae300000)
 Metaspace       used 78762K, capacity 81604K, committed 83672K, reserved 1122304K
  class space    used 10213K, capacity 10824K, committed 11264K, reserved 1048576K
}
Event: 670.918 GC heap before
{Heap before GC invocations=35 (full 4):
 PSYoungGen      total 486912K, used 471487K [0x00000000e0000000, 0x00000000ffb80000, 0x0000000100000000)
  eden space 459264K, 100% used [0x00000000e0000000,0x00000000fc080000,0x00000000fc080000)
  from space 27648K, 44% used [0x00000000fe080000,0x00000000fec6fc10,0x00000000ffb80000)
  to   space 30208K, 0% used [0x00000000fc080000,0x00000000fc080000,0x00000000fde00000)
 ParOldGen       total 232448K, used 193082K [0x00000000a0000000, 0x00000000ae300000, 0x00000000e0000000)
  object space 232448K, 83% used [0x00000000a0000000,0x00000000abc8ea10,0x00000000ae300000)
 Metaspace       used 78782K, capacity 81668K, committed 83672K, reserved 1122304K
  class space    used 10213K, capacity 10824K, committed 11264K, reserved 1048576K
Event: 671.001 GC heap after
Heap after GC invocations=35 (full 4):
 PSYoungGen      total 489472K, used 23429K [0x00000000e0000000, 0x0000000100000000, 0x0000000100000000)
  eden space 459264K, 0% used [0x00000000e0000000,0x00000000e0000000,0x00000000fc080000)
  from space 30208K, 77% used [0x00000000fc080000,0x00000000fd761538,0x00000000fde00000)
  to   space 32256K, 0% used [0x00000000fe080000,0x00000000fe080000,0x0000000100000000)
 ParOldGen       total 232448K, used 202088K [0x00000000a0000000, 0x00000000ae300000, 0x00000000e0000000)
  object space 232448K, 86% used [0x00000000a0000000,0x00000000ac55a0e0,0x00000000ae300000)
 Metaspace       used 78782K, capacity 81668K, committed 83672K, reserved 1122304K
  class space    used 10213K, capacity 10824K, committed 11264K, reserved 1048576K
}
Event: 672.655 GC heap before
{Heap before GC invocations=36 (full 4):
 PSYoungGen      total 489472K, used 482693K [0x00000000e0000000, 0x0000000100000000, 0x0000000100000000)
  eden space 459264K, 100% used [0x00000000e0000000,0x00000000fc080000,0x00000000fc080000)
  from space 30208K, 77% used [0x00000000fc080000,0x00000000fd761538,0x00000000fde00000)
  to   space 32256K, 0% used [0x00000000fe080000,0x00000000fe080000,0x0000000100000000)
 ParOldGen       total 232448K, used 202088K [0x00000000a0000000, 0x00000000ae300000, 0x00000000e0000000)
  object space 232448K, 86% used [0x00000000a0000000,0x00000000ac55a0e0,0x00000000ae300000)
 Metaspace       used 78796K, capacity 81668K, committed 83672K, reserved 1122304K
  class space    used 10213K, capacity 10824K, committed 11264K, reserved 1048576K
Event: 672.706 GC heap after
Heap after GC invocations=36 (full 4):
 PSYoungGen      total 493056K, used 9903K [0x00000000e0000000, 0x0000000100000000, 0x0000000100000000)
  eden space 460800K, 0% used [0x00000000e0000000,0x00000000e0000000,0x00000000fc200000)
  from space 32256K, 30% used [0x00000000fe080000,0x00000000fea2bee8,0x0000000100000000)
  to   space 31232K, 0% used [0x00000000fc200000,0x00000000fc200000,0x00000000fe080000)
 ParOldGen       total 232448K, used 223159K [0x00000000a0000000, 0x00000000ae300000, 0x00000000e0000000)
  object space 232448K, 96% used [0x00000000a0000000,0x00000000ad9edff0,0x00000000ae300000)
 Metaspace       used 78796K, capacity 81668K, committed 83672K, reserved 1122304K
  class space    used 10213K, capacity 10824K, committed 11264K, reserved 1048576K
}
Event: 672.706 GC heap before
{Heap before GC invocations=37 (full 5):
 PSYoungGen      total 493056K, used 9903K [0x00000000e0000000, 0x0000000100000000, 0x0000000100000000)
  eden space 460800K, 0% used [0x00000000e0000000,0x00000000e0000000,0x00000000fc200000)
  from space 32256K, 30% used [0x00000000fe080000,0x00000000fea2bee8,0x0000000100000000)
  to   space 31232K, 0% used [0x00000000fc200000,0x00000000fc200000,0x00000000fe080000)
 ParOldGen       total 232448K, used 223159K [0x00000000a0000000, 0x00000000ae300000, 0x00000000e0000000)
  object space 232448K, 96% used [0x00000000a0000000,0x00000000ad9edff0,0x00000000ae300000)
 Metaspace       used 78796K, capacity 81668K, committed 83672K, reserved 1122304K
  class space    used 10213K, capacity 10824K, committed 11264K, reserved 1048576K

