# JRE version: OpenJDK Runtime Environment (8.0_202-b03) (build 1.8.0_202-release-1483-b03)
# Java VM: OpenJDK 64-Bit Server VM (25.202-b03 mixed mode windows-amd64 compressed oops)
Heap:
 PSYoungGen      total 76800K, used 21413K [0x00000000e0000000, 0x00000000e5600000, 0x0000000100000000)
  eden space 66048K, 19% used [0x00000000e0000000,0x00000000e0cc9ef8,0x00000000e4080000)
  from space 10752K, 77% used [0x00000000e4080000,0x00000000e489f858,0x00000000e4b00000)
  to   space 10240K, 0% used [0x00000000e4b00000,0x00000000e4b00000,0x00000000e5500000)
 ParOldGen       total 59904K, used 8881K [0x00000000a0000000, 0x00000000a3a80000, 0x00000000e0000000)
  object space 59904K, 14% used [0x00000000a0000000,0x00000000a08ac528,0x00000000a3a80000)
 Metaspace       used 29721K, capacity 30458K, committed 30640K, reserved 1075200K
  class space    used 3994K, capacity 4204K, committed 4272K, reserved 1048576K
GC Heap History (10 events):
Event: 6.956 GC heap before
{Heap before GC invocations=4 (full 0):
 PSYoungGen      total 38400K, used 38384K [0x00000000e0000000, 0x00000000e2a80000, 0x0000000100000000)
  eden space 33280K, 100% used [0x00000000e0000000,0x00000000e2080000,0x00000000e2080000)
  from space 5120K, 99% used [0x00000000e2080000,0x00000000e257c318,0x00000000e2580000)
  to   space 5120K, 0% used [0x00000000e2580000,0x00000000e2580000,0x00000000e2a80000)
 ParOldGen       total 87552K, used 1630K [0x00000000a0000000, 0x00000000a5580000, 0x00000000e0000000)
  object space 87552K, 1% used [0x00000000a0000000,0x00000000a0197998,0x00000000a5580000)
 Metaspace       used 15471K, capacity 15896K, committed 16128K, reserved 1062912K
  class space    used 2077K, capacity 2222K, committed 2304K, reserved 1048576K
Event: 6.979 GC heap after
Heap after GC invocations=4 (full 0):
 PSYoungGen      total 38400K, used 5088K [0x00000000e0000000, 0x00000000e4b00000, 0x0000000100000000)
  eden space 33280K, 0% used [0x00000000e0000000,0x00000000e0000000,0x00000000e2080000)
  from space 5120K, 99% used [0x00000000e2580000,0x00000000e2a78040,0x00000000e2a80000)
  to   space 5120K, 0% used [0x00000000e2080000,0x00000000e2080000,0x00000000e2580000)
 ParOldGen       total 87552K, used 4233K [0x00000000a0000000, 0x00000000a5580000, 0x00000000e0000000)
  object space 87552K, 4% used [0x00000000a0000000,0x00000000a0422640,0x00000000a5580000)
 Metaspace       used 15471K, capacity 15896K, committed 16128K, reserved 1062912K
  class space    used 2077K, capacity 2222K, committed 2304K, reserved 1048576K
}
Event: 8.429 GC heap before
{Heap before GC invocations=5 (full 0):
 PSYoungGen      total 38400K, used 38368K [0x00000000e0000000, 0x00000000e4b00000, 0x0000000100000000)
  eden space 33280K, 100% used [0x00000000e0000000,0x00000000e2080000,0x00000000e2080000)
  from space 5120K, 99% used [0x00000000e2580000,0x00000000e2a78040,0x00000000e2a80000)
  to   space 5120K, 0% used [0x00000000e2080000,0x00000000e2080000,0x00000000e2580000)
 ParOldGen       total 87552K, used 4233K [0x00000000a0000000, 0x00000000a5580000, 0x00000000e0000000)
  object space 87552K, 4% used [0x00000000a0000000,0x00000000a0422640,0x00000000a5580000)
 Metaspace       used 18234K, capacity 18820K, committed 19200K, reserved 1064960K
  class space    used 2515K, capacity 2702K, committed 2816K, reserved 1048576K
Event: 8.463 GC heap after
Heap after GC invocations=5 (full 0):
 PSYoungGen      total 38400K, used 5104K [0x00000000e0000000, 0x00000000e5500000, 0x0000000100000000)
  eden space 33280K, 0% used [0x00000000e0000000,0x00000000e0000000,0x00000000e2080000)
  from space 5120K, 99% used [0x00000000e2080000,0x00000000e257c030,0x00000000e2580000)
  to   space 10240K, 0% used [0x00000000e4b00000,0x00000000e4b00000,0x00000000e5500000)
 ParOldGen       total 87552K, used 7631K [0x00000000a0000000, 0x00000000a5580000, 0x00000000e0000000)
  object space 87552K, 8% used [0x00000000a0000000,0x00000000a0773ca8,0x00000000a5580000)
 Metaspace       used 18234K, capacity 18820K, committed 19200K, reserved 1064960K
  class space    used 2515K, capacity 2702K, committed 2816K, reserved 1048576K
}
Event: 9.616 GC heap before
{Heap before GC invocations=6 (full 0):
 PSYoungGen      total 38400K, used 33301K [0x00000000e0000000, 0x00000000e5500000, 0x0000000100000000)
  eden space 33280K, 84% used [0x00000000e0000000,0x00000000e1b89428,0x00000000e2080000)
  from space 5120K, 99% used [0x00000000e2080000,0x00000000e257c030,0x00000000e2580000)
  to   space 10240K, 0% used [0x00000000e4b00000,0x00000000e4b00000,0x00000000e5500000)
 ParOldGen       total 87552K, used 7631K [0x00000000a0000000, 0x00000000a5580000, 0x00000000e0000000)
  object space 87552K, 8% used [0x00000000a0000000,0x00000000a0773ca8,0x00000000a5580000)
 Metaspace       used 20553K, capacity 21256K, committed 21296K, reserved 1067008K
  class space    used 2882K, capacity 3090K, committed 3120K, reserved 1048576K
Event: 9.631 GC heap after
Heap after GC invocations=6 (full 0):
 PSYoungGen      total 76288K, used 8257K [0x00000000e0000000, 0x00000000e5600000, 0x0000000100000000)
  eden space 66048K, 0% used [0x00000000e0000000,0x00000000e0000000,0x00000000e4080000)
  from space 10240K, 80% used [0x00000000e4b00000,0x00000000e5310458,0x00000000e5500000)
  to   space 10752K, 0% used [0x00000000e4080000,0x00000000e4080000,0x00000000e4b00000)
 ParOldGen       total 87552K, used 7639K [0x00000000a0000000, 0x00000000a5580000, 0x00000000e0000000)
  object space 87552K, 8% used [0x00000000a0000000,0x00000000a0775ca8,0x00000000a5580000)
 Metaspace       used 20553K, capacity 21256K, committed 21296K, reserved 1067008K
  class space    used 2882K, capacity 3090K, committed 3120K, reserved 1048576K
}
Event: 9.631 GC heap before
{Heap before GC invocations=7 (full 1):
 PSYoungGen      total 76288K, used 8257K [0x00000000e0000000, 0x00000000e5600000, 0x0000000100000000)
  eden space 66048K, 0% used [0x00000000e0000000,0x00000000e0000000,0x00000000e4080000)
  from space 10240K, 80% used [0x00000000e4b00000,0x00000000e5310458,0x00000000e5500000)
  to   space 10752K, 0% used [0x00000000e4080000,0x00000000e4080000,0x00000000e4b00000)
 ParOldGen       total 87552K, used 7639K [0x00000000a0000000, 0x00000000a5580000, 0x00000000e0000000)
  object space 87552K, 8% used [0x00000000a0000000,0x00000000a0775ca8,0x00000000a5580000)
 Metaspace       used 20553K, capacity 21256K, committed 21296K, reserved 1067008K
  class space    used 2882K, capacity 3090K, committed 3120K, reserved 1048576K
Event: 9.720 GC heap after
Heap after GC invocations=7 (full 1):
 PSYoungGen      total 76288K, used 0K [0x00000000e0000000, 0x00000000e5600000, 0x0000000100000000)
  eden space 66048K, 0% used [0x00000000e0000000,0x00000000e0000000,0x00000000e4080000)
  from space 10240K, 0% used [0x00000000e4b00000,0x00000000e4b00000,0x00000000e5500000)
  to   space 10752K, 0% used [0x00000000e4080000,0x00000000e4080000,0x00000000e4b00000)
 ParOldGen       total 59904K, used 8873K [0x00000000a0000000, 0x00000000a3a80000, 0x00000000e0000000)
  object space 59904K, 14% used [0x00000000a0000000,0x00000000a08aa528,0x00000000a3a80000)
 Metaspace       used 20553K, capacity 21256K, committed 21296K, reserved 1067008K
  class space    used 2882K, capacity 3090K, committed 3120K, reserved 1048576K
}
Event: 12.101 GC heap before
{Heap before GC invocations=8 (full 1):
 PSYoungGen      total 76288K, used 66048K [0x00000000e0000000, 0x00000000e5600000, 0x0000000100000000)
  eden space 66048K, 100% used [0x00000000e0000000,0x00000000e4080000,0x00000000e4080000)
  from space 10240K, 0% used [0x00000000e4b00000,0x00000000e4b00000,0x00000000e5500000)
  to   space 10752K, 0% used [0x00000000e4080000,0x00000000e4080000,0x00000000e4b00000)
 ParOldGen       total 59904K, used 8873K [0x00000000a0000000, 0x00000000a3a80000, 0x00000000e0000000)
  object space 59904K, 14% used [0x00000000a0000000,0x00000000a08aa528,0x00000000a3a80000)
 Metaspace       used 28266K, capacity 29008K, committed 29232K, reserved 1075200K
  class space    used 3907K, capacity 4133K, committed 4144K, reserved 1048576K
Event: 12.113 GC heap after
Heap after GC invocations=8 (full 1):
 PSYoungGen      total 76800K, used 8318K [0x00000000e0000000, 0x00000000e5600000, 0x0000000100000000)
  eden space 66048K, 0% used [0x00000000e0000000,0x00000000e0000000,0x00000000e4080000)
  from space 10752K, 77% used [0x00000000e4080000,0x00000000e489f858,0x00000000e4b00000)
  to   space 10240K, 0% used [0x00000000e4b00000,0x00000000e4b00000,0x00000000e5500000)
 ParOldGen       total 59904K, used 8881K [0x00000000a0000000, 0x00000000a3a80000, 0x00000000e0000000)
  object space 59904K, 14% used [0x00000000a0000000,0x00000000a08ac528,0x00000000a3a80000)
 Metaspace       used 28266K, capacity 29008K, committed 29232K, reserved 1075200K
  class space    used 3907K, capacity 4133K, committed 4144K, reserved 1048576K
}

